<?xml version="1.0" encoding="UTF-8"?>
<!-- Generated by org.testng.reporters.JUnitXMLReporter -->
<testsuite ignored="4" hostname="LAPTOP-4VVFQ6JD" failures="0" tests="1" name="Default test" time="6.1" errors="0" timestamp="2026-04-18T22:38:44 EET">
  <testcase classname="RahulPractice" name="Login" time="2.536"/>
  <testcase classname="RahulPractice" name="forgotPasswordLink" time="0.0">
    <ignored/>
  </testcase> <!-- forgotPasswordLink -->
  <testcase classname="RahulPractice" name="LoginPage" time="0.0">
    <ignored/>
  </testcase> <!-- LoginPage -->
  <testcase classname="RahulPractice" name="ForgotPasspage" time="0.0">
    <ignored/>
  </testcase> <!-- ForgotPasspage -->
  <testcase classname="RahulPractice" name="incorrectPassandUsernameMsg" time="0.0">
    <ignored/>
  </testcase> <!-- incorrectPassandUsernameMsg -->
</testsuite> <!-- Default test -->
