<?xml version="1.0" encoding="UTF-8"?>
<!-- Generated by org.testng.reporters.JUnitXMLReporter -->
<testsuite ignored="15" hostname="LAPTOP-4VVFQ6JD" failures="0" tests="2" name="Default test" time="8.401" errors="0" timestamp="2026-05-04T01:12:32 EET">
  <testcase classname="RahulPractice" name="checkboxesassignment" time="5.522"/>
  <testcase classname="RahulPractice" name="numberofCheckBoxes" time="0.02"/>
  <testcase classname="RahulPractice" name="forgotPasswordLink" time="0.0">
    <ignored/>
  </testcase> <!-- forgotPasswordLink -->
  <testcase classname="RahulPractice" name="checkTheLoginName" time="0.0">
    <ignored/>
  </testcase> <!-- checkTheLoginName -->
  <testcase classname="RahulPractice" name="numberOfCheckBoxes" time="0.0">
    <ignored/>
  </testcase> <!-- numberOfCheckBoxes -->
  <testcase classname="RahulPractice" name="checkBoxes_test" time="0.0">
    <ignored/>
  </testcase> <!-- checkBoxes_test -->
  <testcase classname="RahulPractice" name="suggestiveLists_Country" time="0.0">
    <ignored/>
  </testcase> <!-- suggestiveLists_Country -->
  <testcase classname="RahulPractice" name="dropdownLists_Currency" time="0.0">
    <ignored/>
  </testcase> <!-- dropdownLists_Currency -->
  <testcase classname="RahulPractice" name="dropdownLists_FromTo" time="0.0">
    <ignored/>
  </testcase> <!-- dropdownLists_FromTo -->
  <testcase classname="RahulPractice" name="dropdownLists_Passengers" time="0.0">
    <ignored/>
  </testcase> <!-- dropdownLists_Passengers -->
  <testcase classname="RahulPractice" name="incorrectPassandUsernameMsg" time="0.0">
    <ignored/>
  </testcase> <!-- incorrectPassandUsernameMsg -->
  <testcase classname="RahulPractice" name="Login" time="0.0">
    <ignored/>
  </testcase> <!-- Login -->
  <testcase classname="RahulPractice" name="logoutButton" time="0.0">
    <ignored/>
  </testcase> <!-- logoutButton -->
  <testcase classname="RahulPractice" name="ForgotPasspage" time="0.0">
    <ignored/>
  </testcase> <!-- ForgotPasspage -->
  <testcase classname="RahulPractice" name="xpathfromasibling" time="0.0">
    <ignored/>
  </testcase> <!-- xpathfromasibling -->
  <testcase classname="RahulPractice" name="xpathSiblingtoParent" time="0.0">
    <ignored/>
  </testcase> <!-- xpathSiblingtoParent -->
  <testcase classname="RahulPractice" name="PageAfterLogin" time="0.0">
    <ignored/>
  </testcase> <!-- PageAfterLogin -->
</testsuite> <!-- Default test -->
