<?xml version="1.0" encoding="UTF-8"?>
<testng-results ignored="0" total="4" passed="4" failed="0" skipped="0">
  <reporter-output>
  </reporter-output>
  <suite started-at="2026-04-13T22:44:31 EET" name="Default suite" finished-at="2026-04-13T22:44:36 EET" duration-ms="5177">
    <groups>
    </groups>
    <test started-at="2026-04-13T22:44:31 EET" name="Default test" finished-at="2026-04-13T22:44:36 EET" duration-ms="5177">
      <class name="RahulPractice">
        <test-method is-config="true" signature="setUp()[pri:0, instance:RahulPractice@736caf7a]" started-at="2026-04-13T22:44:31 EET" name="setUp" finished-at="2026-04-13T22:44:34 EET" duration-ms="3124" status="PASS">
          <reporter-output>
          </reporter-output>
        </test-method> <!-- setUp -->
        <test-method signature="Login()[pri:1, instance:RahulPractice@736caf7a]" started-at="2026-04-13T22:44:34 EET" name="Login" finished-at="2026-04-13T22:44:34 EET" duration-ms="340" status="PASS">
          <reporter-output>
          </reporter-output>
        </test-method> <!-- Login -->
        <test-method signature="incorrectPassandUsernameMsg()[pri:2, instance:RahulPractice@736caf7a]" started-at="2026-04-13T22:44:34 EET" name="incorrectPassandUsernameMsg" finished-at="2026-04-13T22:44:35 EET" duration-ms="1045" status="PASS">
          <reporter-output>
          </reporter-output>
        </test-method> <!-- incorrectPassandUsernameMsg -->
        <test-method signature="forgotPasswordLink()[pri:3, instance:RahulPractice@736caf7a]" started-at="2026-04-13T22:44:35 EET" name="forgotPasswordLink" finished-at="2026-04-13T22:44:35 EET" duration-ms="108" status="PASS">
          <reporter-output>
          </reporter-output>
        </test-method> <!-- forgotPasswordLink -->
        <test-method signature="ForgotPasspage()[pri:4, instance:RahulPractice@736caf7a]" started-at="2026-04-13T22:44:35 EET" name="ForgotPasspage" finished-at="2026-04-13T22:44:36 EET" duration-ms="505" status="PASS">
          <reporter-output>
          </reporter-output>
        </test-method> <!-- ForgotPasspage -->
      </class> <!-- RahulPractice -->
    </test> <!-- Default test -->
  </suite> <!-- Default suite -->
</testng-results>
