<?xml version="1.0" encoding="UTF-8"?>
<testng-results ignored="0" total="1" passed="1" failed="0" skipped="0">
  <reporter-output>
  </reporter-output>
  <suite started-at="2026-06-07T22:21:09 EET" name="Default suite" finished-at="2026-06-07T22:21:12 EET" duration-ms="3142">
    <groups>
    </groups>
    <test started-at="2026-06-07T22:21:09 EET" name="Default test" finished-at="2026-06-07T22:21:12 EET" duration-ms="3142">
      <class name="Assignment4">
        <test-method is-config="true" signature="setUp()[pri:0, instance:Assignment4@3da05287]" started-at="2026-06-07T22:21:09 EET" name="setUp" finished-at="2026-06-07T22:21:11 EET" duration-ms="2247" status="PASS">
          <reporter-output>
          </reporter-output>
        </test-method> <!-- setUp -->
        <test-method signature="Assignment4_windowsHandles()[pri:0, instance:Assignment4@3da05287]" started-at="2026-06-07T22:21:11 EET" name="Assignment4_windowsHandles" finished-at="2026-06-07T22:21:12 EET" duration-ms="837" status="PASS">
          <reporter-output>
          </reporter-output>
        </test-method> <!-- Assignment4_windowsHandles -->
      </class> <!-- Assignment4 -->
    </test> <!-- Default test -->
  </suite> <!-- Default suite -->
</testng-results>
