<?xml version="1.0" encoding="UTF-8"?>
<!-- Generated by org.testng.reporters.JUnitReportReporter -->
<testsuite hostname="LAPTOP-4VVFQ6JD" failures="1" tests="15" name="RahulPractice" time="24.673" errors="0" timestamp="2026-05-03T23:27:14 EET" skipped="13">
  <testcase classname="RahulPractice" name="checkBoxes_test" time="24.644">
    <failure message="expected [false] but found [true]" type="java.lang.AssertionError">
      <![CDATA[java.lang.AssertionError: expected [false] but found [true]
at org.testng.Assert.fail(Assert.java:99)
at org.testng.Assert.failNotEquals(Assert.java:1037)
at org.testng.Assert.assertFalse(Assert.java:67)
at org.testng.Assert.assertFalse(Assert.java:77)
at RahulPractice.checkBoxes_test(RahulPractice.java:255)
at java.base/jdk.internal.reflect.DirectMethodHandleAccessor.invoke(DirectMethodHandleAccessor.java:103)
at java.base/java.lang.reflect.Method.invoke(Method.java:580)
at org.testng.internal.MethodInvocationHelper.invokeMethod(MethodInvocationHelper.java:133)
at org.testng.internal.TestInvoker.invokeMethod(TestInvoker.java:598)
at org.testng.internal.TestInvoker.invokeTestMethod(TestInvoker.java:173)
at org.testng.internal.MethodRunner.runInSequence(MethodRunner.java:46)
at org.testng.internal.TestInvoker$MethodInvocationAgent.invoke(TestInvoker.java:824)
at org.testng.internal.TestInvoker.invokeTestMethods(TestInvoker.java:146)
at org.testng.internal.TestMethodWorker.invokeTestMethods(TestMethodWorker.java:146)
at org.testng.internal.TestMethodWorker.run(TestMethodWorker.java:128)
at java.base/java.util.ArrayList.forEach(ArrayList.java:1596)
at org.testng.TestRunner.privateRun(TestRunner.java:794)
at org.testng.TestRunner.run(TestRunner.java:596)
at org.testng.SuiteRunner.runTest(SuiteRunner.java:377)
at org.testng.SuiteRunner.runSequentially(SuiteRunner.java:371)
at org.testng.SuiteRunner.privateRun(SuiteRunner.java:332)
at org.testng.SuiteRunner.run(SuiteRunner.java:276)
at org.testng.SuiteRunnerWorker.runSuite(SuiteRunnerWorker.java:53)
at org.testng.SuiteRunnerWorker.run(SuiteRunnerWorker.java:96)
at org.testng.TestNG.runSuitesSequentially(TestNG.java:1212)
at org.testng.TestNG.runSuitesLocally(TestNG.java:1134)
at org.testng.TestNG.runSuites(TestNG.java:1063)
at org.testng.TestNG.run(TestNG.java:1031)
at org.testng.remote.AbstractRemoteTestNG.run(AbstractRemoteTestNG.java:115)
at org.testng.remote.RemoteTestNG.initAndRun(RemoteTestNG.java:293)
at org.testng.remote.RemoteTestNG.main(RemoteTestNG.java:91)
]]>
    </failure>
  </testcase> <!-- checkBoxes_test -->
  <system-out/>
  <testcase classname="RahulPractice" name="numberOfCheckBoxes" time="0.029"/>
  <system-out/>
  <testcase classname="RahulPractice" name="forgotPasswordLink">
    <skipped/>
  </testcase> <!-- forgotPasswordLink -->
  <system-out/>
  <testcase classname="RahulPractice" name="checkTheLoginName">
    <skipped/>
  </testcase> <!-- checkTheLoginName -->
  <system-out/>
  <testcase classname="RahulPractice" name="dropdownLists_Currency">
    <skipped/>
  </testcase> <!-- dropdownLists_Currency -->
  <system-out/>
  <testcase classname="RahulPractice" name="suggestiveLists_Country">
    <skipped/>
  </testcase> <!-- suggestiveLists_Country -->
  <system-out/>
  <testcase classname="RahulPractice" name="dropdownLists_FromTo">
    <skipped/>
  </testcase> <!-- dropdownLists_FromTo -->
  <system-out/>
  <testcase classname="RahulPractice" name="dropdownLists_Passengers">
    <skipped/>
  </testcase> <!-- dropdownLists_Passengers -->
  <system-out/>
  <testcase classname="RahulPractice" name="incorrectPassandUsernameMsg">
    <skipped/>
  </testcase> <!-- incorrectPassandUsernameMsg -->
  <system-out/>
  <testcase classname="RahulPractice" name="Login">
    <skipped/>
  </testcase> <!-- Login -->
  <system-out/>
  <testcase classname="RahulPractice" name="logoutButton">
    <skipped/>
  </testcase> <!-- logoutButton -->
  <system-out/>
  <testcase classname="RahulPractice" name="ForgotPasspage">
    <skipped/>
  </testcase> <!-- ForgotPasspage -->
  <system-out/>
  <testcase classname="RahulPractice" name="xpathSiblingtoParent">
    <skipped/>
  </testcase> <!-- xpathSiblingtoParent -->
  <system-out/>
  <testcase classname="RahulPractice" name="xpathfromasibling">
    <skipped/>
  </testcase> <!-- xpathfromasibling -->
  <system-out/>
  <testcase classname="RahulPractice" name="PageAfterLogin">
    <skipped/>
  </testcase> <!-- PageAfterLogin -->
  <system-out/>
</testsuite> <!-- RahulPractice -->
