<?xml version="1.0" encoding="UTF-8"?>
<!-- Generated by org.testng.reporters.JUnitReportReporter -->
<testsuite hostname="LAPTOP-4VVFQ6JD" failures="0" tests="2" name="Explicitwaitpractice" time="5.823" errors="0" timestamp="2026-05-21T21:51:35 EET" skipped="1">
  <testcase classname="Explicitwaitpractice" name="login2" time="5.823"/>
  <system-out/>
  <testcase classname="Explicitwaitpractice" name="login">
    <skipped/>
  </testcase> <!-- login -->
  <system-out/>
</testsuite> <!-- Explicitwaitpractice -->
