<?xml version="1.0" encoding="UTF-8"?>
<!-- Generated by org.testng.reporters.JUnitReportReporter -->
<testsuite hostname="LAPTOP-4VVFQ6JD" failures="0" tests="9" name="RahulPractice" time="4.989" errors="0" timestamp="2026-04-20T20:39:12 EET" skipped="7">
  <testcase classname="RahulPractice" name="xpathfromasibling" time="4.989"/>
  <system-out/>
  <testcase classname="RahulPractice" name="xpathSiblingtoParent" time="0.000"/>
  <system-out/>
  <testcase classname="RahulPractice" name="forgotPasswordLink">
    <skipped/>
  </testcase> <!-- forgotPasswordLink -->
  <system-out/>
  <testcase classname="RahulPractice" name="Login">
    <skipped/>
  </testcase> <!-- Login -->
  <system-out/>
  <testcase classname="RahulPractice" name="checkTheLoginName">
    <skipped/>
  </testcase> <!-- checkTheLoginName -->
  <system-out/>
  <testcase classname="RahulPractice" name="logoutButton">
    <skipped/>
  </testcase> <!-- logoutButton -->
  <system-out/>
  <testcase classname="RahulPractice" name="ForgotPasspage">
    <skipped/>
  </testcase> <!-- ForgotPasspage -->
  <system-out/>
  <testcase classname="RahulPractice" name="incorrectPassandUsernameMsg">
    <skipped/>
  </testcase> <!-- incorrectPassandUsernameMsg -->
  <system-out/>
  <testcase classname="RahulPractice" name="PageAfterLogin">
    <skipped/>
  </testcase> <!-- PageAfterLogin -->
  <system-out/>
</testsuite> <!-- RahulPractice -->
