<?xml version="1.0" encoding="UTF-8"?>
<!-- Generated by org.testng.reporters.JUnitReportReporter -->
<testsuite hostname="LAPTOP-4VVFQ6JD" failures="0" tests="3" name="AmazonPractice" time="7.219" errors="0" timestamp="2026-05-20T16:47:35 EET" skipped="1">
  <testcase classname="AmazonPractice" name="addCucumber" time="0.962"/>
  <system-out/>
  <testcase classname="AmazonPractice" name="checkout" time="6.257"/>
  <system-out/>
  <testcase classname="AmazonPractice" name="addtoCart">
    <skipped/>
  </testcase> <!-- addtoCart -->
  <system-out/>
</testsuite> <!-- AmazonPractice -->
